#
# A fatal error has been detected by the Java Runtime Environment:
#
#  Internal Error (sharedRuntime.cpp:532), pid=79825, tid=6147
#  Error: ShouldNotReachHere()
#
# JRE version: OpenJDK Runtime Environment Zulu16.30+15-CA (16.0.1+9) (build 16.0.1+9)
# Java VM: OpenJDK 64-Bit Server VM Zulu16.30+15-CA (16.0.1+9, mixed mode, tiered, compressed oops, compressed class ptrs, g1 gc, bsd-aarch64)
# No core dump will be written. Core dumps have been disabled. To enable core dumping, try "ulimit -c unlimited" before starting Java again
#
# If you would like to submit a bug report, please visit:
#   http://www.azulsystems.com/support/
#

---------------  S U M M A R Y ------------

Command Line: -DkotlinLanguageServer.version=1.1.2 org.javacs.kt.MainKt

Host: MacBookAir10,1 arm64 1 MHz, 8 cores, 16G, Darwin 20.5.0, macOS 11.4 (20F71)
Time: Tue Jul 13 01:29:58 2021 KST elapsed time: 1.343576 seconds (0d 0h 0m 1s)

---------------  T H R E A D  ---------------

Current thread (0x000000015580ca00):  JavaThread "main" [_thread_in_Java, id=6147, stack(0x000000016fdc4000,0x000000016ffc7000)]

Stack: [0x000000016fdc4000,0x000000016ffc7000],  sp=0x000000016ffc5870,  free space=2054k
Native frames: (J=compiled Java code, A=aot compiled Java code, j=interpreted, Vv=VM code, C=native code)
V  [libjvm.dylib+0x9abf04]  VMError::report_and_die(int, char const*, char const*, char*, Thread*, unsigned char*, void*, void*, char const*, int, unsigned long)+0x46c
V  [libjvm.dylib+0x9ac658]  VMError::report_and_die(Thread*, void*, char const*, int, char const*, char const*, char*)+0x40
V  [libjvm.dylib+0x2a9ab0]  report_vm_error(char const*, int, char const*, char const*, ...)+0x5c
V  [libjvm.dylib+0x2a9c84]  report_should_not_reach_here(char const*, int)+0x2c
V  [libjvm.dylib+0x81380c]  SharedRuntime::raw_exception_handler_for_return_address(JavaThread*, unsigned char*)+0x178
V  [libjvm.dylib+0x8138b0]  SharedRuntime::exception_handler_for_return_address(JavaThread*, unsigned char*)+0x28
v  ~StubRoutines::forward exception
j  org.slf4j.LoggerFactory.performInitialization()V+0
j  org.slf4j.LoggerFactory.getILoggerFactory()Lorg/slf4j/ILoggerFactory;+22
j  org.slf4j.LoggerFactory.getLogger(Ljava/lang/String;)Lorg/slf4j/Logger;+0
j  org.jetbrains.exposed.sql.SQLLogKt.<clinit>()V+2
v  ~StubRoutines::call_stub
V  [libjvm.dylib+0x43f6b8]  JavaCalls::call_helper(JavaValue*, methodHandle const&, JavaCallArguments*, Thread*)+0x30c
V  [libjvm.dylib+0x421084]  InstanceKlass::call_class_initializer(Thread*)+0x1e8
V  [libjvm.dylib+0x4207b0]  InstanceKlass::initialize_impl(Thread*)+0x57c
V  [libjvm.dylib+0x657db4]  LinkResolver::resolve_static_call(CallInfo&, LinkInfo const&, bool, Thread*)+0x78
V  [libjvm.dylib+0x659d8c]  LinkResolver::resolve_invoke(CallInfo&, Handle, constantPoolHandle const&, int, Bytecodes::Code, Thread*)+0xac
V  [libjvm.dylib+0x4389d4]  InterpreterRuntime::resolve_invoke(JavaThread*, Bytecodes::Code)+0x29c
V  [libjvm.dylib+0x438fd0]  InterpreterRuntime::resolve_from_cache(JavaThread*, Bytecodes::Code)+0x7c
j  org.jetbrains.exposed.sql.Transaction.<init>(Lorg/jetbrains/exposed/sql/transactions/TransactionInterface;)V+109
j  org.jetbrains.exposed.sql.transactions.ThreadLocalTransactionManager.newTransaction(ILorg/jetbrains/exposed/sql/Transaction;)Lorg/jetbrains/exposed/sql/Transaction;+102
j  org.jetbrains.exposed.sql.transactions.ThreadLocalTransactionManagerKt.inTopLevelTransaction$run(Lorg/jetbrains/exposed/sql/Transaction;Lorg/jetbrains/exposed/sql/Database;ILkotlin/jvm/functions/Function1;I)Ljava/lang/Object;+129
j  org.jetbrains.exposed.sql.transactions.ThreadLocalTransactionManagerKt.access$inTopLevelTransaction$run(Lorg/jetbrains/exposed/sql/Transaction;Lorg/jetbrains/exposed/sql/Database;ILkotlin/jvm/functions/Function1;I)Ljava/lang/Object;+6
j  org.jetbrains.exposed.sql.transactions.ThreadLocalTransactionManagerKt$inTopLevelTransaction$1.invoke()Ljava/lang/Object;+20
j  org.jetbrains.exposed.sql.transactions.ThreadLocalTransactionManagerKt.keepAndRestoreTransactionRefAfterRun(Lorg/jetbrains/exposed/sql/Database;Lkotlin/jvm/functions/Function0;)Ljava/lang/Object;+14
j  org.jetbrains.exposed.sql.transactions.ThreadLocalTransactionManagerKt.inTopLevelTransaction(IILorg/jetbrains/exposed/sql/Database;Lorg/jetbrains/exposed/sql/Transaction;Lkotlin/jvm/functions/Function1;)Ljava/lang/Object;+24
j  org.jetbrains.exposed.sql.transactions.ThreadLocalTransactionManagerKt$transaction$1.invoke()Ljava/lang/Object;+323
j  org.jetbrains.exposed.sql.transactions.ThreadLocalTransactionManagerKt.keepAndRestoreTransactionRefAfterRun(Lorg/jetbrains/exposed/sql/Database;Lkotlin/jvm/functions/Function0;)Ljava/lang/Object;+14
j  org.jetbrains.exposed.sql.transactions.ThreadLocalTransactionManagerKt.transaction(IILorg/jetbrains/exposed/sql/Database;Lkotlin/jvm/functions/Function1;)Ljava/lang/Object;+21
j  org.jetbrains.exposed.sql.transactions.ThreadLocalTransactionManagerKt.transaction(Lorg/jetbrains/exposed/sql/Database;Lkotlin/jvm/functions/Function1;)Ljava/lang/Object;+26
j  org.javacs.kt.index.SymbolIndex.<init>()V+46
j  org.javacs.kt.SourcePath.<init>(Lorg/javacs/kt/CompilerClassPath;Lorg/javacs/kt/URIContentProvider;Lorg/javacs/kt/IndexingConfiguration;)V+99
j  org.javacs.kt.KotlinLanguageServer.<init>()V+126
j  org.javacs.kt.MainKt.main([Ljava/lang/String;)V+216
v  ~StubRoutines::call_stub
V  [libjvm.dylib+0x43f6b8]  JavaCalls::call_helper(JavaValue*, methodHandle const&, JavaCallArguments*, Thread*)+0x30c
V  [libjvm.dylib+0x4a10fc]  jni_invoke_static(JNIEnv_*, JavaValue*, _jobject*, JNICallType, _jmethodID*, JNI_ArgumentPusher*, Thread*)+0x120
V  [libjvm.dylib+0x4a4510]  jni_CallStaticVoidMethod+0x120
C  [libjli.dylib+0x5430]  JavaMain+0x9d4
C  [libjli.dylib+0x778c]  ThreadJavaMain+0xc
C  [libsystem_pthread.dylib+0x7878]  _pthread_start+0x140


---------------  P R O C E S S  ---------------

Threads class SMR info:
_java_thread_list=0x0000000152e2cd10, length=11, elements={
0x000000015580ca00, 0x0000000153009000, 0x0000000153009600, 0x000000015580d600,
0x000000015586e000, 0x000000015586e600, 0x000000015580dc00, 0x000000015580e200,
0x000000015580e800, 0x000000015400c200, 0x0000000153023000
}

Java Threads: ( => current thread )
=>0x000000015580ca00 JavaThread "main" [_thread_in_Java, id=6147, stack(0x000000016fdc4000,0x000000016ffc7000)]
  0x0000000153009000 JavaThread "Reference Handler" daemon [_thread_blocked, id=17411, stack(0x0000000170c18000,0x0000000170e1b000)]
  0x0000000153009600 JavaThread "Finalizer" daemon [_thread_blocked, id=17155, stack(0x0000000170e24000,0x0000000171027000)]
  0x000000015580d600 JavaThread "Signal Dispatcher" daemon [_thread_blocked, id=22531, stack(0x0000000171148000,0x000000017134b000)]
  0x000000015586e000 JavaThread "Service Thread" daemon [_thread_blocked, id=23043, stack(0x0000000171354000,0x0000000171557000)]
  0x000000015586e600 JavaThread "Monitor Deflation Thread" daemon [_thread_blocked, id=42499, stack(0x0000000171560000,0x0000000171763000)]
  0x000000015580dc00 JavaThread "C2 CompilerThread0" daemon [_thread_in_native, id=41987, stack(0x000000017176c000,0x000000017196f000)]
  0x000000015580e200 JavaThread "C1 CompilerThread0" daemon [_thread_blocked, id=23299, stack(0x0000000171978000,0x0000000171b7b000)]
  0x000000015580e800 JavaThread "Sweeper thread" daemon [_thread_blocked, id=41475, stack(0x0000000171b84000,0x0000000171d87000)]
  0x000000015400c200 JavaThread "Notification Thread" daemon [_thread_blocked, id=24067, stack(0x0000000171d90000,0x0000000171f93000)]
  0x0000000153023000 JavaThread "Common-Cleaner" daemon [_thread_blocked, id=24835, stack(0x00000001721a8000,0x00000001723ab000)]

Other Threads:
  0x000000015382a360 VMThread "VM Thread" [stack: 0x0000000170a0c000,0x0000000170c0f000] [id=14851]
  0x0000000153926da0 WatcherThread [stack: 0x0000000171f9c000,0x000000017219f000] [id=24579]
  0x00000001538143a0 GCTaskThread "GC Thread#0" [stack: 0x000000016ffd0000,0x00000001701d3000] [id=11779]
  0x0000000153a1e780 GCTaskThread "GC Thread#1" [stack: 0x00000001723b4000,0x00000001725b7000] [id=40707]
  0x0000000153a1f1b0 GCTaskThread "GC Thread#2" [stack: 0x00000001725c0000,0x00000001727c3000] [id=25347]
  0x0000000153a1fbe0 GCTaskThread "GC Thread#3" [stack: 0x00000001727cc000,0x00000001729cf000] [id=25603]
  0x0000000153a20a00 GCTaskThread "GC Thread#4" [stack: 0x00000001729d8000,0x0000000172bdb000] [id=40195]
  0x0000000152f135e0 GCTaskThread "GC Thread#5" [stack: 0x0000000172be4000,0x0000000172de7000] [id=26115]
  0x00000001007292f0 GCTaskThread "GC Thread#6" [stack: 0x0000000172df0000,0x0000000172ff3000] [id=39431]
  0x0000000100729b40 GCTaskThread "GC Thread#7" [stack: 0x0000000172ffc000,0x00000001731ff000] [id=26371]
  0x0000000153815320 ConcurrentGCThread "G1 Main Marker" [stack: 0x00000001701dc000,0x00000001703df000] [id=12291]
  0x00000001538162c0 ConcurrentGCThread "G1 Conc#0" [stack: 0x00000001703e8000,0x00000001705eb000] [id=12803]
  0x0000000100644980 ConcurrentGCThread "G1 Conc#1" [stack: 0x0000000173208000,0x000000017340b000] [id=26883]
  0x0000000153c207b0 ConcurrentGCThread "G1 Refine#0" [stack: 0x00000001705f4000,0x00000001707f7000] [id=18691]
  0x0000000152e0b870 ConcurrentGCThread "G1 Service" [stack: 0x0000000170800000,0x0000000170a03000] [id=13827]

Threads with active compile tasks:
C2 CompilerThread0     1348 1565       4       java.util.stream.StreamSpliterators$AbstractWrappingSpliterator::doAdvance (106 bytes)

VM state: not at safepoint (normal execution)

VM Mutex/Monitor currently owned by a thread: None

Heap address: 0x00000006c0000000, size: 4096 MB, Compressed Oops mode: Zero based, Oop shift amount: 3

Compressed class space mapped at: 0x0000000300000000-0x0000000340000000, reserved size: 1073741824
Narrow klass base: 0x0000000000000000, Narrow klass shift: 3, Narrow klass range: 0x340000000

GC Precious Log:
 CPUs: 8 total, 8 available
 Memory: 16384M
 Large Page Support: Disabled
 NUMA Support: Disabled
 Compressed Oops: Enabled (Zero based)
 Heap Region Size: 2M
 Heap Min Capacity: 8M
 Heap Initial Capacity: 256M
 Heap Max Capacity: 4G
 Pre-touch: Disabled
 Parallel Workers: 8
 Concurrent Workers: 2
 Concurrent Refinement Workers: 8
 Periodic GC: Disabled

Heap:
 garbage-first heap   total 81920K, used 35091K [0x00000006c0000000, 0x00000007c0000000)
  region size 2048K, 12 young (24576K), 2 survivors (4096K)
 Metaspace       used 24145K, committed 24448K, reserved 1073152K
  class space    used 2410K, committed 2560K, reserved 1048576K

Heap Regions: E=young(eden), S=young(survivor), O=old, HS=humongous(starts), HC=humongous(continues), CS=collection set, F=free, OA=open archive, CA=closed archive, TAMS=top-at-mark-start (previous, next)
|   0|0x00000006c0000000, 0x00000006c0200000, 0x00000006c0200000|100%|HS|  |TAMS 0x00000006c0200000, 0x00000006c0000000| Complete 
|   1|0x00000006c0200000, 0x00000006c0400000, 0x00000006c0400000|100%|HC|  |TAMS 0x00000006c0400000, 0x00000006c0200000| Complete 
|   2|0x00000006c0400000, 0x00000006c0600000, 0x00000006c0600000|100%| O|  |TAMS 0x00000006c0600000, 0x00000006c0400000| Untracked 
|   3|0x00000006c0600000, 0x00000006c0800000, 0x00000006c0800000|100%|HS|  |TAMS 0x00000006c0800000, 0x00000006c0600000| Complete 
|   4|0x00000006c0800000, 0x00000006c0a00000, 0x00000006c0a00000|100%|HC|  |TAMS 0x00000006c0a00000, 0x00000006c0800000| Complete 
|   5|0x00000006c0a00000, 0x00000006c0c00000, 0x00000006c0c00000|100%|HS|  |TAMS 0x00000006c0c00000, 0x00000006c0a00000| Complete 
|   6|0x00000006c0c00000, 0x00000006c0e00000, 0x00000006c0e00000|100%|HC|  |TAMS 0x00000006c0e00000, 0x00000006c0c00000| Complete 
|   7|0x00000006c0e00000, 0x00000006c1000000, 0x00000006c1000000|100%| O|  |TAMS 0x00000006c1000000, 0x00000006c0e00000| Untracked 
|   8|0x00000006c1000000, 0x00000006c1014200, 0x00000006c1200000|  3%| O|  |TAMS 0x00000006c1014200, 0x00000006c1000000| Untracked 
|   9|0x00000006c1200000, 0x00000006c1200000, 0x00000006c1400000|  0%| F|  |TAMS 0x00000006c1200000, 0x00000006c1200000| Untracked 
|  10|0x00000006c1400000, 0x00000006c1400000, 0x00000006c1600000|  0%| F|  |TAMS 0x00000006c1400000, 0x00000006c1400000| Untracked 
|  11|0x00000006c1600000, 0x00000006c1600000, 0x00000006c1800000|  0%| F|  |TAMS 0x00000006c1600000, 0x00000006c1600000| Untracked 
|  12|0x00000006c1800000, 0x00000006c1800000, 0x00000006c1a00000|  0%| F|  |TAMS 0x00000006c1800000, 0x00000006c1800000| Untracked 
|  13|0x00000006c1a00000, 0x00000006c1a00000, 0x00000006c1c00000|  0%| F|  |TAMS 0x00000006c1a00000, 0x00000006c1a00000| Untracked 
|  14|0x00000006c1c00000, 0x00000006c1c00000, 0x00000006c1e00000|  0%| F|  |TAMS 0x00000006c1c00000, 0x00000006c1c00000| Untracked 
|  15|0x00000006c1e00000, 0x00000006c1e00000, 0x00000006c2000000|  0%| F|  |TAMS 0x00000006c1e00000, 0x00000006c1e00000| Untracked 
|  16|0x00000006c2000000, 0x00000006c2000000, 0x00000006c2200000|  0%| F|  |TAMS 0x00000006c2000000, 0x00000006c2000000| Untracked 
|  17|0x00000006c2200000, 0x00000006c2200000, 0x00000006c2400000|  0%| F|  |TAMS 0x00000006c2200000, 0x00000006c2200000| Untracked 
|  18|0x00000006c2400000, 0x00000006c2400000, 0x00000006c2600000|  0%| F|  |TAMS 0x00000006c2400000, 0x00000006c2400000| Untracked 
|  19|0x00000006c2600000, 0x00000006c2600000, 0x00000006c2800000|  0%| F|  |TAMS 0x00000006c2600000, 0x00000006c2600000| Untracked 
|  20|0x00000006c2800000, 0x00000006c2800000, 0x00000006c2a00000|  0%| F|  |TAMS 0x00000006c2800000, 0x00000006c2800000| Untracked 
|  21|0x00000006c2a00000, 0x00000006c2a00000, 0x00000006c2c00000|  0%| F|  |TAMS 0x00000006c2a00000, 0x00000006c2a00000| Untracked 
|  22|0x00000006c2c00000, 0x00000006c2c00000, 0x00000006c2e00000|  0%| F|  |TAMS 0x00000006c2c00000, 0x00000006c2c00000| Untracked 
|  23|0x00000006c2e00000, 0x00000006c2e00000, 0x00000006c3000000|  0%| F|  |TAMS 0x00000006c2e00000, 0x00000006c2e00000| Untracked 
|  24|0x00000006c3000000, 0x00000006c3000000, 0x00000006c3200000|  0%| F|  |TAMS 0x00000006c3000000, 0x00000006c3000000| Untracked 
|  25|0x00000006c3200000, 0x00000006c3200000, 0x00000006c3400000|  0%| F|  |TAMS 0x00000006c3200000, 0x00000006c3200000| Untracked 
|  26|0x00000006c3400000, 0x00000006c3400000, 0x00000006c3600000|  0%| F|  |TAMS 0x00000006c3400000, 0x00000006c3400000| Untracked 
|  27|0x00000006c3600000, 0x00000006c3600000, 0x00000006c3800000|  0%| F|  |TAMS 0x00000006c3600000, 0x00000006c3600000| Untracked 
|  28|0x00000006c3800000, 0x00000006c3900800, 0x00000006c3a00000| 50%| E|  |TAMS 0x00000006c3800000, 0x00000006c3800000| Complete 
|  29|0x00000006c3a00000, 0x00000006c3c00000, 0x00000006c3c00000|100%| E|CS|TAMS 0x00000006c3a00000, 0x00000006c3a00000| Complete 
|  30|0x00000006c3c00000, 0x00000006c3e00000, 0x00000006c3e00000|100%| E|CS|TAMS 0x00000006c3c00000, 0x00000006c3c00000| Complete 
|  31|0x00000006c3e00000, 0x00000006c4000000, 0x00000006c4000000|100%| E|CS|TAMS 0x00000006c3e00000, 0x00000006c3e00000| Complete 
|  32|0x00000006c4000000, 0x00000006c4200000, 0x00000006c4200000|100%| E|CS|TAMS 0x00000006c4000000, 0x00000006c4000000| Complete 
|  33|0x00000006c4200000, 0x00000006c4400000, 0x00000006c4400000|100%| E|CS|TAMS 0x00000006c4200000, 0x00000006c4200000| Complete 
|  34|0x00000006c4400000, 0x00000006c4600000, 0x00000006c4600000|100%| E|CS|TAMS 0x00000006c4400000, 0x00000006c4400000| Complete 
|  35|0x00000006c4600000, 0x00000006c4800000, 0x00000006c4800000|100%| E|CS|TAMS 0x00000006c4600000, 0x00000006c4600000| Complete 
|  36|0x00000006c4800000, 0x00000006c4a00000, 0x00000006c4a00000|100%| E|CS|TAMS 0x00000006c4800000, 0x00000006c4800000| Complete 
| 125|0x00000006cfa00000, 0x00000006cfa30ca8, 0x00000006cfc00000|  9%| S|CS|TAMS 0x00000006cfa00000, 0x00000006cfa00000| Complete 
| 126|0x00000006cfc00000, 0x00000006cfe00000, 0x00000006cfe00000|100%| S|CS|TAMS 0x00000006cfc00000, 0x00000006cfc00000| Complete 
| 127|0x00000006cfe00000, 0x00000006d0000000, 0x00000006d0000000|100%| E|  |TAMS 0x00000006cfe00000, 0x00000006cfe00000| Complete 

Card table byte_map: [0x000000011d76c000,0x000000011df6c000] _byte_map_base: 0x000000011a16c000

Marking Bits (Prev, Next): (CMBitMap*) 0x000000015583aa50, (CMBitMap*) 0x000000015583aa10
 Prev Bits: [0x000000012276c000, 0x000000012676c000)
 Next Bits: [0x000000011e76c000, 0x000000012276c000)

Polling page: 0x0000000100158000

Metaspace:

Usage:
  Non-class:     21.23 MB used.
      Class:      2.35 MB used.
       Both:     23.58 MB used.

Virtual space:
  Non-class space:       24.00 MB reserved,      21.38 MB ( 89%) committed,  3 nodes.
      Class space:        1.00 GB reserved,       2.50 MB ( <1%) committed,  1 nodes.
              Both:        1.02 GB reserved,      23.88 MB (  2%) committed. 

Chunk freelists:
   Non-Class:  2.03 MB
       Class:  1.54 MB
        Both:  3.57 MB

MaxMetaspaceSize: 17179869184.00 GB
CompressedClassSpaceSize: 1.00 GB
 - commit_granule_bytes: 65536.
 - commit_granule_words: 8192.
 - virtual_space_node_default_size: 1048576.
 - enlarge_chunks_in_place: 1.
 - new_chunks_are_fully_committed: 0.
 - uncommit_free_chunks: 1.
 - use_allocation_guard: 0.
 - handle_deallocations: 1.


Internal statistics:

num_allocs_failed_limit: 3.
num_arena_births: 200.
num_arena_deaths: 0.
num_vsnodes_births: 4.
num_vsnodes_deaths: 0.
num_space_committed: 382.
num_space_uncommitted: 0.
num_chunks_returned_to_freelist: 3.
num_chunks_taken_from_freelist: 674.
num_chunk_merges: 0.
num_chunk_splits: 478.
num_chunks_enlarged: 396.
num_purges: 0.

CodeHeap 'non-profiled nmethods': size=120032Kb used=680Kb max_used=680Kb free=119351Kb
 bounds [0x0000000115a34000, 0x0000000115ca4000, 0x000000011cf6c000]
CodeHeap 'profiled nmethods': size=120016Kb used=3123Kb max_used=3123Kb free=116892Kb
 bounds [0x000000010e500000, 0x000000010e810000, 0x0000000115a34000]
CodeHeap 'non-nmethods': size=5712Kb used=1153Kb max_used=1193Kb free=4558Kb
 bounds [0x000000010df6c000, 0x000000010e1dc000, 0x000000010e500000]
 total_blobs=2071 nmethods=1594 adapters=394
 compilation: enabled
              stopped_count=0, restarted_count=0
 full_count=0

Compilation events (20 events):
Event: 1.328 Thread 0x000000015580e200 1638       2       java.util.HashMap::putVal (300 bytes)
Event: 1.328 Thread 0x000000015580e200 nmethod 1638 0x000000010e809690 code [0x000000010e809900, 0x000000010e80a208]
Event: 1.328 Thread 0x000000015580e200 1640       3       jdk.internal.jimage.ImageStringsReader::get (9 bytes)
Event: 1.328 Thread 0x000000015580e200 nmethod 1640 0x000000010e80a710 code [0x000000010e80a8c0, 0x000000010e80aad8]
Event: 1.328 Thread 0x000000015580e200 1641       3       jdk.internal.jimage.BasicImageReader::getString (49 bytes)
Event: 1.328 Thread 0x000000015580e200 nmethod 1641 0x000000010e80ab90 code [0x000000010e80ad80, 0x000000010e80b0f8]
Event: 1.328 Thread 0x000000015580e200 1642       3       jdk.internal.jimage.ImageStringsReader::stringFromByteBuffer (28 bytes)
Event: 1.328 Thread 0x000000015580e200 nmethod 1642 0x000000010e80b290 code [0x000000010e80b480, 0x000000010e80b8a8]
Event: 1.328 Thread 0x000000015580e200 1639       1       java.net.URL::getUserInfo (5 bytes)
Event: 1.328 Thread 0x000000015580e200 nmethod 1639 0x0000000115ad9710 code [0x0000000115ad9880, 0x0000000115ad9968]
Event: 1.335 Thread 0x000000015580e200 1644       3       jdk.internal.jimage.BasicImageReader::getAttributes (49 bytes)
Event: 1.335 Thread 0x000000015580e200 nmethod 1644 0x000000010e80ba10 code [0x000000010e80bc00, 0x000000010e80bf78]
Event: 1.335 Thread 0x000000015580e200 1645       3       jdk.internal.jimage.ImageLocation::verify (50 bytes)
Event: 1.336 Thread 0x000000015580e200 nmethod 1645 0x000000010e80c110 code [0x000000010e80c380, 0x000000010e80cb98]
Event: 1.341 Thread 0x000000015580dc00 nmethod 1558 0x0000000115ad9a10 code [0x0000000115ad9e80, 0x0000000115adb4a0]
Event: 1.341 Thread 0x000000015580dc00 1557   !   4       jdk.internal.jrtfs.JrtDirectoryStream$1::hasNext (41 bytes)
Event: 1.343 Thread 0x000000015580dc00 nmethod 1557 0x0000000115adc210 code [0x0000000115adc400, 0x0000000115adc820]
Event: 1.343 Thread 0x000000015580dc00 1536       4       java.nio.ByteBuffer::position (8 bytes)
Event: 1.343 Thread 0x000000015580dc00 nmethod 1536 0x0000000115adca90 code [0x0000000115adcc40, 0x0000000115adcd40]
Event: 1.343 Thread 0x000000015580dc00 1615       4       jdk.internal.jrtfs.JrtPath::<init> (31 bytes)

GC Heap History (6 events):
Event: 0.617 GC heap before
{Heap before GC invocations=0 (full 0):
 garbage-first heap   total 262144K, used 24576K [0x00000006c0000000, 0x00000007c0000000)
  region size 2048K, 11 young (22528K), 0 survivors (0K)
 Metaspace       used 13840K, committed 13952K, reserved 1064960K
  class space    used 1242K, committed 1280K, reserved 1048576K
}
Event: 0.620 GC heap after
{Heap after GC invocations=1 (full 0):
 garbage-first heap   total 262144K, used 8313K [0x00000006c0000000, 0x00000007c0000000)
  region size 2048K, 2 young (4096K), 2 survivors (4096K)
 Metaspace       used 13840K, committed 13952K, reserved 1064960K
  class space    used 1242K, committed 1280K, reserved 1048576K
}
Event: 1.063 GC heap before
{Heap before GC invocations=1 (full 0):
 garbage-first heap   total 262144K, used 43129K [0x00000006c0000000, 0x00000007c0000000)
  region size 2048K, 15 young (30720K), 2 survivors (4096K)
 Metaspace       used 20782K, committed 20992K, reserved 1073152K
  class space    used 2008K, committed 2112K, reserved 1048576K
}
Event: 1.068 GC heap after
{Heap after GC invocations=2 (full 0):
 garbage-first heap   total 262144K, used 18726K [0x00000006c0000000, 0x00000007c0000000)
  region size 2048K, 2 young (4096K), 2 survivors (4096K)
 Metaspace       used 20782K, committed 20992K, reserved 1073152K
  class space    used 2008K, committed 2112K, reserved 1048576K
}
Event: 1.085 GC heap before
{Heap before GC invocations=2 (full 0):
 garbage-first heap   total 262144K, used 18726K [0x00000006c0000000, 0x00000007c0000000)
  region size 2048K, 3 young (6144K), 2 survivors (4096K)
 Metaspace       used 20995K, committed 21248K, reserved 1073152K
  class space    used 2033K, committed 2176K, reserved 1048576K
}
Event: 1.089 GC heap after
{Heap after GC invocations=3 (full 0):
 garbage-first heap   total 262144K, used 18707K [0x00000006c0000000, 0x00000007c0000000)
  region size 2048K, 2 young (4096K), 2 survivors (4096K)
 Metaspace       used 20995K, committed 21248K, reserved 1073152K
  class space    used 2033K, committed 2176K, reserved 1048576K
}

Deoptimization events (20 events):
Event: 1.022 Thread 0x000000015580ca00 Uncommon trap: trap_request=0xffffff45 fr.pc=0x0000000115aa6514 relative=0x0000000000000ed4
Event: 1.022 Thread 0x000000015580ca00 Uncommon trap: reason=unstable_if action=reinterpret pc=0x0000000115aa6514 method=java.util.concurrent.ConcurrentHashMap.putVal(Ljava/lang/Object;Ljava/lang/Object;Z)Ljava/lang/Object; @ 231 c2
Event: 1.022 Thread 0x000000015580ca00 DEOPT PACKING pc=0x0000000115aa6514 sp=0x000000016ffc6090
Event: 1.022 Thread 0x000000015580ca00 DEOPT UNPACKING pc=0x000000010dfa5d9c sp=0x000000016ffc5f90 mode 2
Event: 1.147 Thread 0x000000015580ca00 DEOPT PACKING pc=0x000000010e6883d8 sp=0x000000016ffc4430
Event: 1.147 Thread 0x000000015580ca00 DEOPT UNPACKING pc=0x000000010dfa5bfc sp=0x000000016ffc4260 mode 3
Event: 1.188 Thread 0x000000015580ca00 Uncommon trap: trap_request=0xffffff45 fr.pc=0x0000000115abb0e8 relative=0x0000000000000068
Event: 1.188 Thread 0x000000015580ca00 Uncommon trap: reason=unstable_if action=reinterpret pc=0x0000000115abb0e8 method=jdk.internal.loader.URLClassPath$JarLoader.ensureOpen()V @ 4 c2
Event: 1.188 Thread 0x000000015580ca00 DEOPT PACKING pc=0x0000000115abb0e8 sp=0x000000016ffc4de0
Event: 1.188 Thread 0x000000015580ca00 DEOPT UNPACKING pc=0x000000010dfa5d9c sp=0x000000016ffc4d70 mode 2
Event: 1.327 Thread 0x000000015580ca00 Uncommon trap: trap_request=0xffffff45 fr.pc=0x0000000115a52e34 relative=0x00000000000003f4
Event: 1.327 Thread 0x000000015580ca00 Uncommon trap: reason=unstable_if action=reinterpret pc=0x0000000115a52e34 method=java.util.jar.Manifest$FastInputStream.readLine([BII)I @ 106 c2
Event: 1.327 Thread 0x000000015580ca00 DEOPT PACKING pc=0x0000000115a52e34 sp=0x000000016ffc5660
Event: 1.327 Thread 0x000000015580ca00 DEOPT UNPACKING pc=0x000000010dfa5d9c sp=0x000000016ffc55b0 mode 2
Event: 1.343 Thread 0x000000015580ca00 Uncommon trap: trap_request=0xffffff45 fr.pc=0x0000000115aafac4 relative=0x00000000000005c4
Event: 1.343 Thread 0x000000015580ca00 Uncommon trap: reason=unstable_if action=reinterpret pc=0x0000000115aafac4 method=jdk.internal.loader.URLClassPath.getResource(Ljava/lang/String;Z)Ljdk/internal/loader/Resource; @ 47 c2
Event: 1.343 Thread 0x000000015580ca00 DEOPT PACKING pc=0x0000000115aafac4 sp=0x000000016ffc4d70
Event: 1.343 Thread 0x000000015580ca00 DEOPT UNPACKING pc=0x000000010dfa5d9c sp=0x000000016ffc4d20 mode 2
Event: 1.343 Thread 0x000000015580ca00 DEOPT PACKING pc=0x000000010e63b868 sp=0x000000016ffc5000
Event: 1.343 Thread 0x000000015580ca00 DEOPT UNPACKING pc=0x000000010dfa5bfc sp=0x000000016ffc4d90 mode 3

Classes unloaded (0 events):
No events

Classes redefined (0 events):
No events

Internal exceptions (20 events):
Event: 0.637 Thread 0x000000015580ca00 Exception <a 'java/lang/NoSuchMethodError'{0x00000006cff32fd8}: 'long java.lang.invoke.DirectMethodHandle$Holder.invokeStatic(java.lang.Object)'> (0x00000006cff32fd8) 
thrown [src/hotspot/share/interpreter/linkResolver.cpp, line 790]
Event: 0.637 Thread 0x000000015580ca00 Exception <a 'java/lang/NoSuchMethodError'{0x00000006cff365d8}: 'long java.lang.invoke.DirectMethodHandle$Holder.invokeStaticInit(java.lang.Object)'> (0x00000006cff365d8) 
thrown [src/hotspot/share/interpreter/linkResolver.cpp, line 790]
Event: 0.677 Thread 0x000000015580ca00 Exception <a 'java/lang/NoSuchMethodError'{0x00000006cfa91a30}: 'int java.lang.invoke.DirectMethodHandle$Holder.invokeStaticInit(java.lang.Object, java.lang.Object, java.lang.Object)'> (0x00000006cfa91a30) 
thrown [src/hotspot/share/interpreter/linkResolver.cpp, line 790]
Event: 0.679 Thread 0x000000015580ca00 Exception <a 'java/lang/NoSuchMethodError'{0x00000006cfabb1d8}: 'int java.lang.invoke.DirectMethodHandle$Holder.invokeStatic(java.lang.Object, java.lang.Object)'> (0x00000006cfabb1d8) 
thrown [src/hotspot/share/interpreter/linkResolver.cpp, line 790]
Event: 0.679 Thread 0x000000015580ca00 Exception <a 'java/lang/NoSuchMethodError'{0x00000006cfabe710}: 'int java.lang.invoke.DirectMethodHandle$Holder.invokeStaticInit(java.lang.Object, java.lang.Object)'> (0x00000006cfabe710) 
thrown [src/hotspot/share/interpreter/linkResolver.cpp, line 790]
Event: 0.906 Thread 0x000000015580ca00 Exception <a 'java/lang/NoSuchMethodError'{0x00000006cf178148}: 'java.lang.Object java.lang.invoke.DirectMethodHandle$Holder.invokeStatic(java.lang.Object, java.lang.Object, java.lang.Object, java.lang.Object, java.lang.Object, java.lang.Object, java.lang.Object, java.lang.Object)'> (0x00000006cf178148) 
thrown [src/hotspot/share/interpreter/linkResolver.cpp, line 790]
Event: 0.906 Thread 0x000000015580ca00 Exception <a 'java/lang/NoSuchMethodError'{0x00000006cf17d910}: 'java.lang.Object java.lang.invoke.DirectMethodHandle$Holder.invokeSpecial(java.lang.Object, java.lang.Object, long)'> (0x00000006cf17d910) 
thrown [src/hotspot/share/interpreter/linkResolver.cpp, line 790]
Event: 0.908 Thread 0x000000015580ca00 Exception <a 'java/lang/NoSuchMethodError'{0x00000006cf1a00a0}: 'java.lang.Object java.lang.invoke.DirectMethodHandle$Holder.invokeStatic(java.lang.Object, java.lang.Object, java.lang.Object, java.lang.Object, java.lang.Object, java.lang.Object, java.lang.Object, java.lang.Object, java.lang.Object)'> (0x00000006cf1a00a0) 
thrown [src/hotspot/share/interpreter/linkResolver.cpp, line 790]
Event: 0.911 Thread 0x000000015580ca00 Exception <a 'java/lang/NoSuchMethodError'{0x00000006cf1bb090}: 'java.lang.Object java.lang.invoke.DirectMethodHandle$Holder.invokeStatic(java.lang.Object, java.lang.Object, java.lang.Object, java.lang.Object, java.lang.Object, java.lang.Object, java.lang.Object, java.lang.Object, java.lang.Object, java.lang.Object)'> (0x00000006cf1bb090) 
thrown [src/hotspot/share/interpreter/linkResolver.cpp, line 790]
Event: 0.913 Thread 0x000000015580ca00 Exception <a 'java/lang/NoSuchMethodError'{0x00000006cf1d3e90}: 'java.lang.Object java.lang.invoke.DirectMethodHandle$Holder.invokeStatic(java.lang.Object, java.lang.Object, java.lang.Object, java.lang.Object, long)'> (0x00000006cf1d3e90) 
thrown [src/hotspot/share/interpreter/linkResolver.cpp, line 790]
Event: 0.914 Thread 0x000000015580ca00 Exception <a 'java/lang/NoSuchMethodError'{0x00000006cf1f04b0}: 'java.lang.Object java.lang.invoke.DirectMethodHandle$Holder.invokeStatic(java.lang.Object, java.lang.Object, java.lang.Object, java.lang.Object, java.lang.Object, java.lang.Object, java.lang.Object, java.lang.Object, java.lang.Object, java.lang.Object, java.lang.Object)'> (0x00000006cf1f04b0) 
thrown [src/hotspot/share/interpreter/linkResolver.cpp, line 790]
Event: 0.918 Thread 0x000000015580ca00 Exception <a 'java/lang/NoSuchMethodError'{0x00000006cee11530}: 'java.lang.Object java.lang.invoke.DirectMethodHandle$Holder.invokeStatic(java.lang.Object, java.lang.Object, java.lang.Object, java.lang.Object, java.lang.Object, java.lang.Object, java.lang.Object, java.lang.Object, java.lang.Object, java.lang.Object, java.lang.Object, java.lang.Object)'> (0x00000006cee11530) 
thrown [src/hotspot/share/interpreter/linkResolver.cpp, line 790]
Event: 0.985 Thread 0x000000015580ca00 Exception <a 'java/lang/NoSuchMethodError'{0x00000006ceb7b6a0}: 'void java.lang.invoke.DirectMethodHandle$Holder.invokeStatic(java.lang.Object, java.lang.Object, java.lang.Object, java.lang.Object)'> (0x00000006ceb7b6a0) 
thrown [src/hotspot/share/interpreter/linkResolver.cpp, line 790]
Event: 1.011 Thread 0x000000015580ca00 Exception <a 'java/lang/NoSuchMethodError'{0x00000006ce4b3228}: 'void java.lang.invoke.DirectMethodHandle$Holder.invokeSpecial(java.lang.Object, java.lang.Object)'> (0x00000006ce4b3228) 
thrown [src/hotspot/share/interpreter/linkResolver.cpp, line 790]
Event: 1.036 Thread 0x000000015580ca00 Exception <a 'java/lang/NoSuchMethodError'{0x00000006ce302980}: 'void java.lang.invoke.DirectMethodHandle$Holder.invokeStaticInit(java.lang.Object, java.lang.Object)'> (0x00000006ce302980) 
thrown [src/hotspot/share/interpreter/linkResolver.cpp, line 790]
Event: 1.043 Thread 0x000000015580ca00 Exception <a 'java/lang/NoSuchMethodError'{0x00000006ce340688}: 'void java.lang.invoke.DirectMethodHandle$Holder.invokeInterface(java.lang.Object, java.lang.Object)'> (0x00000006ce340688) 
thrown [src/hotspot/share/interpreter/linkResolver.cpp, line 790]
Event: 1.149 Thread 0x000000015580ca00 Exception <a 'java/lang/NoSuchMethodError'{0x00000006c4607708}: 'void java.lang.invoke.DirectMethodHandle$Holder.invokeVirtual(java.lang.Object, java.lang.Object)'> (0x00000006c4607708) 
thrown [src/hotspot/share/interpreter/linkResolver.cpp, line 790]
Event: 1.208 Thread 0x000000015580ca00 Exception <a 'java/lang/NoSuchMethodError'{0x00000006c4515d48}: 'java.lang.Object java.lang.invoke.Invokers$Holder.invoke_MT(java.lang.Object, java.lang.Object, java.lang.Object)'> (0x00000006c4515d48) 
thrown [src/hotspot/share/interpreter/linkResolver.cpp, line 790]
Event: 1.212 Thread 0x000000015580ca00 Exception <a 'java/lang/NoSuchMethodError'{0x00000006c4550280}: 'void java.lang.invoke.DirectMethodHandle$Holder.invokeVirtual(java.lang.Object, java.lang.Object, java.lang.Object)'> (0x00000006c4550280) 
thrown [src/hotspot/share/interpreter/linkResolver.cpp, line 790]
Event: 1.343 Thread 0x000000015580ca00 Exception <a 'java/lang/NoClassDefFoundError'{0x00000006c386a058}: org/slf4j/impl/StaticLoggerBinder> (0x00000006c386a058) 
thrown [src/hotspot/share/classfile/systemDictionary.cpp, line 245]

Events (20 events):
Event: 1.317 Executing  VM operation: ICBufferFull
Event: 1.317 Executing  VM operation: ICBufferFull done
Event: 1.317 loading class sun/nio/fs/UnixFileModeAttribute$1
Event: 1.317 loading class sun/nio/fs/UnixFileModeAttribute$1 done
Event: 1.322 Executing  VM operation: HandshakeAllThreads
Event: 1.322 Executing  VM operation: HandshakeAllThreads done
Event: 1.331 loading class java/util/concurrent/ConcurrentLinkedDeque
Event: 1.331 loading class java/util/concurrent/ConcurrentLinkedDeque done
Event: 1.331 loading class java/util/concurrent/ConcurrentLinkedDeque$Node
Event: 1.331 loading class java/util/concurrent/ConcurrentLinkedDeque$Node done
Event: 1.331 loading class java/util/concurrent/ConcurrentLinkedDeque$Itr
Event: 1.331 loading class java/util/concurrent/ConcurrentLinkedDeque$AbstractItr
Event: 1.332 loading class java/util/concurrent/ConcurrentLinkedDeque$AbstractItr done
Event: 1.332 loading class java/util/concurrent/ConcurrentLinkedDeque$Itr done
Event: 1.336 loading class java/util/UUID
Event: 1.337 loading class java/util/UUID done
Event: 1.337 loading class java/util/UUID$Holder
Event: 1.337 loading class java/util/UUID$Holder done
Event: 1.341 loading class java/lang/NoSuchFieldError
Event: 1.341 loading class java/lang/NoSuchFieldError done


Dynamic libraries:
0x00000001959a1000 	/usr/lib/libz.1.dylib
0x00000001000e0000 	/Users/xf/Library/Java/JavaVirtualMachines/azul-16.0.1/Contents/Home/lib/libjli.dylib
0x000000019feab000 	/System/Library/Frameworks/Cocoa.framework/Versions/A/Cocoa
0x000000018ddee000 	/System/Library/Frameworks/Security.framework/Versions/A/Security
0x000000019e219000 	/System/Library/Frameworks/ApplicationServices.framework/Versions/A/ApplicationServices
0x0000000195a47000 	/usr/lib/libSystem.B.dylib
0x0000000195a41000 	/usr/lib/system/libcache.dylib
0x0000000195a00000 	/usr/lib/system/libcommonCrypto.dylib
0x0000000195a2a000 	/usr/lib/system/libcompiler_rt.dylib
0x0000000195a21000 	/usr/lib/system/libcopyfile.dylib
0x000000018bd64000 	/usr/lib/system/libcorecrypto.dylib
0x000000018be04000 	/usr/lib/system/libdispatch.dylib
0x000000018bfbd000 	/usr/lib/system/libdyld.dylib
0x0000000195a37000 	/usr/lib/system/libkeymgr.dylib
0x0000000198e68000 	/usr/lib/system/liblaunch.dylib
0x00000001959e2000 	/usr/lib/system/libmacho.dylib
0x0000000195254000 	/usr/lib/system/libquarantine.dylib
0x0000000195a34000 	/usr/lib/system/libremovefile.dylib
0x000000019084a000 	/usr/lib/system/libsystem_asl.dylib
0x000000018bd12000 	/usr/lib/system/libsystem_blocks.dylib
0x000000018be86000 	/usr/lib/system/libsystem_c.dylib
0x0000000195a2e000 	/usr/lib/system/libsystem_collections.dylib
0x000000019488e000 	/usr/lib/system/libsystem_configuration.dylib
0x0000000193c11000 	/usr/lib/system/libsystem_containermanager.dylib
0x00000001957b7000 	/usr/lib/system/libsystem_coreservices.dylib
0x000000018e3c5000 	/usr/lib/system/libsystem_darwin.dylib
0x0000000195a38000 	/usr/lib/system/libsystem_dnssd.dylib
0x000000018be83000 	/usr/lib/system/libsystem_featureflags.dylib
0x000000018c006000 	/usr/lib/system/libsystem_info.dylib
0x00000001959b3000 	/usr/lib/system/libsystem_m.dylib
0x000000018bdd8000 	/usr/lib/system/libsystem_malloc.dylib
0x00000001907e5000 	/usr/lib/system/libsystem_networkextension.dylib
0x000000018e808000 	/usr/lib/system/libsystem_notify.dylib
0x000000019b316000 	/usr/lib/system/libsystem_product_info_filter.dylib
0x0000000194893000 	/usr/lib/system/libsystem_sandbox.dylib
0x0000000195a31000 	/usr/lib/system/libsystem_secinit.dylib
0x000000018bf7c000 	/usr/lib/system/libsystem_kernel.dylib
0x000000018bfff000 	/usr/lib/system/libsystem_platform.dylib
0x000000018bfb0000 	/usr/lib/system/libsystem_pthread.dylib
0x0000000191db7000 	/usr/lib/system/libsystem_symptoms.dylib
0x000000018bd4c000 	/usr/lib/system/libsystem_trace.dylib
0x0000000195a0e000 	/usr/lib/system/libunwind.dylib
0x000000018bd14000 	/usr/lib/system/libxpc.dylib
0x000000018bf64000 	/usr/lib/libc++abi.dylib
0x000000018be49000 	/usr/lib/libobjc.A.dylib
0x0000000195a19000 	/usr/lib/liboah.dylib
0x000000018bf08000 	/usr/lib/libc++.1.dylib
0x000000018c032000 	/System/Library/Frameworks/CoreFoundation.framework/Versions/A/CoreFoundation
0x000000018cdf9000 	/System/Library/Frameworks/Foundation.framework/Versions/C/Foundation
0x000000018e862000 	/System/Library/Frameworks/AppKit.framework/Versions/C/AppKit
0x0000000191680000 	/System/Library/Frameworks/CoreData.framework/Versions/A/CoreData
0x000000018f5a2000 	/System/Library/PrivateFrameworks/UIFoundation.framework/Versions/A/UIFoundation
0x000000019b0a8000 	/System/Library/PrivateFrameworks/RemoteViewServices.framework/Versions/A/RemoteViewServices
0x00000001942c2000 	/System/Library/PrivateFrameworks/XCTTargetBootstrap.framework/Versions/A/XCTTargetBootstrap
0x0000000196c01000 	/usr/lib/libspindump.dylib
0x000000018f7c9000 	/System/Library/Frameworks/UniformTypeIdentifiers.framework/Versions/A/UniformTypeIdentifiers
0x00000001928aa000 	/usr/lib/libapp_launch_measurement.dylib
0x00000001928ad000 	/System/Library/PrivateFrameworks/CoreAutoLayout.framework/Versions/A/CoreAutoLayout
0x0000000193c3f000 	/System/Library/Frameworks/Metal.framework/Versions/A/Metal
0x000000019489e000 	/usr/lib/liblangid.dylib
0x00000001942c6000 	/System/Library/PrivateFrameworks/CoreSVG.framework/Versions/A/CoreSVG
0x000000019087c000 	/System/Library/PrivateFrameworks/SkyLight.framework/Versions/A/SkyLight
0x0000000190be7000 	/System/Library/Frameworks/CoreGraphics.framework/Versions/A/CoreGraphics
0x000000019b5c8000 	/System/Library/Frameworks/Accelerate.framework/Versions/A/Accelerate
0x000000019665b000 	/System/Library/PrivateFrameworks/IconServices.framework/Versions/A/IconServices
0x0000000193c23000 	/System/Library/Frameworks/IOSurface.framework/Versions/A/IOSurface
0x0000000191f4e000 	/usr/lib/libDiagnosticMessagesClient.dylib
0x00000001942aa000 	/System/Library/PrivateFrameworks/DFRFoundation.framework/Versions/A/DFRFoundation
0x000000018e153000 	/usr/lib/libicucore.A.dylib
0x0000000198152000 	/System/Library/Frameworks/AudioToolbox.framework/Versions/A/AudioToolbox
0x0000000197367000 	/System/Library/PrivateFrameworks/DataDetectorsCore.framework/Versions/A/DataDetectorsCore
0x00000001907f7000 	/usr/lib/libMobileGestalt.dylib
0x0000000193f9f000 	/System/Library/Frameworks/Carbon.framework/Versions/A/Frameworks/HIToolbox.framework/Versions/A/HIToolbox
0x0000000192349000 	/System/Library/Frameworks/QuartzCore.framework/Versions/A/QuartzCore
0x000000019b0e0000 	/System/Library/Frameworks/Carbon.framework/Versions/A/Frameworks/SpeechRecognition.framework/Versions/A/SpeechRecognition
0x0000000192648000 	/System/Library/PrivateFrameworks/CoreUI.framework/Versions/A/CoreUI
0x000000018d7d3000 	/System/Library/Frameworks/CoreAudio.framework/Versions/A/CoreAudio
0x0000000192037000 	/System/Library/Frameworks/DiskArbitration.framework/Versions/A/DiskArbitration
0x0000000196fb4000 	/System/Library/PrivateFrameworks/MultitouchSupport.framework/Versions/A/MultitouchSupport
0x000000019735e000 	/System/Library/PrivateFrameworks/InternationalSupport.framework/Versions/A/InternationalSupport
0x00000001907f5000 	/usr/lib/libenergytrace.dylib
0x000000018e73c000 	/System/Library/Frameworks/IOKit.framework/Versions/A/IOKit
0x000000019b40b000 	/System/Library/Frameworks/CoreServices.framework/Versions/A/CoreServices
0x0000000192840000 	/System/Library/PrivateFrameworks/PerformanceAnalysis.framework/Versions/A/PerformanceAnalysis
0x00000001cdfac000 	/System/Library/Frameworks/OpenGL.framework/Versions/A/OpenGL
0x00000001973dc000 	/System/Library/PrivateFrameworks/UserActivity.framework/Versions/A/UserActivity
0x00000001911d5000 	/System/Library/Frameworks/ColorSync.framework/Versions/A/ColorSync
0x0000000194510000 	/System/Library/Frameworks/CoreImage.framework/Versions/A/CoreImage
0x000000018d603000 	/System/Library/Frameworks/CoreText.framework/Versions/A/CoreText
0x00000001942f1000 	/System/Library/Frameworks/ImageIO.framework/Versions/A/ImageIO
0x0000000195a4d000 	/System/Library/PrivateFrameworks/SoftLinking.framework/Versions/A/SoftLinking
0x00000001928f0000 	/usr/lib/libxml2.2.dylib
0x0000000195ccd000 	/usr/lib/libcompression.dylib
0x00000001972aa000 	/System/Library/PrivateFrameworks/TextureIO.framework/Versions/A/TextureIO
0x00000001963b8000 	/usr/lib/libate.dylib
0x0000000196201000 	/usr/lib/liblzma.5.dylib
0x000000018cb0e000 	/System/Library/Frameworks/SystemConfiguration.framework/Versions/A/SystemConfiguration
0x0000000195a49000 	/usr/lib/libfakelink.dylib
0x000000019035c000 	/System/Library/Frameworks/CFNetwork.framework/Versions/A/CFNetwork
0x0000000195b93000 	/usr/lib/libarchive.2.dylib
0x000000018cb96000 	/usr/lib/libCRFSuite.dylib
0x000000019527e000 	/usr/lib/libbsm.0.dylib
0x000000018fc13000 	/usr/lib/libnetwork.dylib
0x0000000195a4e000 	/usr/lib/libpcap.A.dylib
0x0000000191daf000 	/usr/lib/libdns_services.dylib
0x000000019621a000 	/usr/lib/libcoretls_cfhelpers.dylib
0x0000000195c9c000 	/usr/lib/libapple_nghttp2.dylib
0x00000001959e8000 	/usr/lib/system/libkxld.dylib
0x0000000191a40000 	/usr/lib/libsqlite3.dylib
0x000000019579a000 	/System/Library/PrivateFrameworks/AppleFSCompression.framework/Versions/A/AppleFSCompression
0x0000000195267000 	/usr/lib/libcoretls.dylib
0x0000000195cc8000 	/usr/lib/libpam.2.dylib
0x0000000196301000 	/usr/lib/libxar.1.dylib
0x000000019489a000 	/System/Library/PrivateFrameworks/AppleSystemInfo.framework/Versions/A/AppleSystemInfo
0x0000000194eb7000 	/System/Library/PrivateFrameworks/IOMobileFramebuffer.framework/Versions/A/IOMobileFramebuffer
0x00000001957aa000 	/usr/lib/libbz2.1.0.dylib
0x0000000195a8a000 	/usr/lib/libiconv.2.dylib
0x00000001959e1000 	/usr/lib/libcharset.1.dylib
0x0000000192879000 	/System/Library/Frameworks/CoreServices.framework/Versions/A/Frameworks/FSEvents.framework/Versions/A/FSEvents
0x000000018e3d0000 	/System/Library/Frameworks/CoreServices.framework/Versions/A/Frameworks/CarbonCore.framework/Versions/A/CarbonCore
0x0000000191f9d000 	/System/Library/Frameworks/CoreServices.framework/Versions/A/Frameworks/Metadata.framework/Versions/A/Metadata
0x00000001957bc000 	/System/Library/Frameworks/CoreServices.framework/Versions/A/Frameworks/OSServices.framework/Versions/A/OSServices
0x0000000195c04000 	/System/Library/Frameworks/CoreServices.framework/Versions/A/Frameworks/SearchKit.framework/Versions/A/SearchKit
0x0000000191d3b000 	/System/Library/Frameworks/CoreServices.framework/Versions/A/Frameworks/AE.framework/Versions/A/AE
0x000000018c4e1000 	/System/Library/Frameworks/CoreServices.framework/Versions/A/Frameworks/LaunchServices.framework/Versions/A/LaunchServices
0x00000001961ae000 	/System/Library/Frameworks/CoreServices.framework/Versions/A/Frameworks/DictionaryServices.framework/Versions/A/DictionaryServices
0x0000000192886000 	/System/Library/Frameworks/CoreServices.framework/Versions/A/Frameworks/SharedFileList.framework/Versions/A/SharedFileList
0x0000000195257000 	/usr/lib/libCheckFix.dylib
0x0000000190862000 	/System/Library/PrivateFrameworks/TCC.framework/Versions/A/TCC
0x00000001948a0000 	/System/Library/PrivateFrameworks/CoreNLP.framework/Versions/A/CoreNLP
0x0000000191f51000 	/System/Library/PrivateFrameworks/MetadataUtilities.framework/Versions/A/MetadataUtilities
0x000000018cbca000 	/usr/lib/libmecabra.dylib
0x000000019553d000 	/System/Library/Frameworks/MLCompute.framework/Versions/A/MLCompute
0x000000019528f000 	/usr/lib/libmecab.dylib
0x00000001952d5000 	/usr/lib/libgermantok.dylib
0x0000000195c75000 	/usr/lib/libThaiTokenizer.dylib
0x000000019633d000 	/usr/lib/libChineseTokenizer.dylib
0x0000000195cc6000 	/System/Library/Frameworks/MetalPerformanceShaders.framework/Versions/A/MetalPerformanceShaders
0x000000019203e000 	/System/Library/Frameworks/Accelerate.framework/Versions/A/Frameworks/vImage.framework/Versions/A/vImage
0x000000019b3e9000 	/System/Library/Frameworks/Accelerate.framework/Versions/A/Frameworks/vecLib.framework/Versions/A/vecLib
0x0000000196348000 	/System/Library/Frameworks/Accelerate.framework/Versions/A/Frameworks/vecLib.framework/Versions/A/libvMisc.dylib
0x0000000194df5000 	/System/Library/Frameworks/Accelerate.framework/Versions/A/Frameworks/vecLib.framework/Versions/A/libvDSP.dylib
0x000000018c7f4000 	/System/Library/Frameworks/Accelerate.framework/Versions/A/Frameworks/vecLib.framework/Versions/A/libBLAS.dylib
0x0000000195cf1000 	/System/Library/Frameworks/Accelerate.framework/Versions/A/Frameworks/vecLib.framework/Versions/A/libLAPACK.dylib
0x00000001952da000 	/System/Library/Frameworks/Accelerate.framework/Versions/A/Frameworks/vecLib.framework/Versions/A/libLinearAlgebra.dylib
0x0000000195cb3000 	/System/Library/Frameworks/Accelerate.framework/Versions/A/Frameworks/vecLib.framework/Versions/A/libSparseBLAS.dylib
0x0000000195cec000 	/System/Library/Frameworks/Accelerate.framework/Versions/A/Frameworks/vecLib.framework/Versions/A/libQuadrature.dylib
0x0000000194936000 	/System/Library/Frameworks/Accelerate.framework/Versions/A/Frameworks/vecLib.framework/Versions/A/libBNNS.dylib
0x000000018caaa000 	/System/Library/Frameworks/Accelerate.framework/Versions/A/Frameworks/vecLib.framework/Versions/A/libSparse.dylib
0x0000000194829000 	/System/Library/Frameworks/MetalPerformanceShaders.framework/Versions/A/Frameworks/MPSCore.framework/Versions/A/MPSCore
0x0000000195712000 	/System/Library/Frameworks/MetalPerformanceShaders.framework/Versions/A/Frameworks/MPSImage.framework/Versions/A/MPSImage
0x00000001952ef000 	/System/Library/Frameworks/MetalPerformanceShaders.framework/Versions/A/Frameworks/MPSNeuralNetwork.framework/Versions/A/MPSNeuralNetwork
0x0000000195690000 	/System/Library/Frameworks/MetalPerformanceShaders.framework/Versions/A/Frameworks/MPSMatrix.framework/Versions/A/MPSMatrix
0x00000001954f3000 	/System/Library/Frameworks/MetalPerformanceShaders.framework/Versions/A/Frameworks/MPSRayIntersector.framework/Versions/A/MPSRayIntersector
0x00000001956bf000 	/System/Library/Frameworks/MetalPerformanceShaders.framework/Versions/A/Frameworks/MPSNDArray.framework/Versions/A/MPSNDArray
0x000000018c71a000 	/System/Library/PrivateFrameworks/MetalTools.framework/Versions/A/MetalTools
0x0000000194898000 	/System/Library/PrivateFrameworks/AggregateDictionary.framework/Versions/A/AggregateDictionary
0x0000000191f1b000 	/System/Library/PrivateFrameworks/CoreAnalytics.framework/Versions/A/CoreAnalytics
0x0000000195c77000 	/System/Library/PrivateFrameworks/AppleSauce.framework/Versions/A/AppleSauce
0x0000000193c35000 	/System/Library/PrivateFrameworks/IOAccelerator.framework/Versions/A/IOAccelerator
0x00000001cdf9f000 	/System/Library/Frameworks/OpenGL.framework/Versions/A/Libraries/libCoreFSCache.dylib
0x000000018d186000 	/System/Library/PrivateFrameworks/LanguageModeling.framework/Versions/A/LanguageModeling
0x0000000194ea4000 	/System/Library/PrivateFrameworks/CoreEmoji.framework/Versions/A/CoreEmoji
0x000000019492e000 	/System/Library/PrivateFrameworks/LinguisticData.framework/Versions/A/LinguisticData
0x000000018ca5f000 	/System/Library/PrivateFrameworks/Lexicon.framework/Versions/A/Lexicon
0x0000000195b80000 	/usr/lib/libcmph.dylib
0x0000000192859000 	/System/Library/Frameworks/OpenDirectory.framework/Versions/A/Frameworks/CFOpenDirectory.framework/Versions/A/CFOpenDirectory
0x000000019284b000 	/System/Library/Frameworks/OpenDirectory.framework/Versions/A/OpenDirectory
0x000000019621c000 	/System/Library/PrivateFrameworks/APFS.framework/Versions/A/APFS
0x00000001951c0000 	/System/Library/Frameworks/SecurityFoundation.framework/Versions/A/SecurityFoundation
0x000000019630f000 	/usr/lib/libutil.dylib
0x000000018e700000 	/System/Library/PrivateFrameworks/CoreServicesStore.framework/Versions/A/CoreServicesStore
0x000000019524e000 	/System/Library/Frameworks/ServiceManagement.framework/Versions/A/ServiceManagement
0x0000000196313000 	/usr/lib/libxslt.1.dylib
0x0000000195244000 	/System/Library/PrivateFrameworks/BackgroundTaskManagement.framework/Versions/A/BackgroundTaskManagement
0x00000001971f9000 	/System/Library/Frameworks/ImageIO.framework/Versions/A/Resources/libRadiance.dylib
0x0000000197202000 	/System/Library/Frameworks/ImageIO.framework/Versions/A/Resources/libJPEG.dylib
0x0000000197151000 	/System/Library/Frameworks/ImageIO.framework/Versions/A/Resources/libPng.dylib
0x0000000197178000 	/System/Library/Frameworks/ImageIO.framework/Versions/A/Resources/libTIFF.dylib
0x0000000197253000 	/System/Library/Frameworks/ImageIO.framework/Versions/A/Resources/libGIF.dylib
0x0000000196ece000 	/System/Library/Frameworks/ImageIO.framework/Versions/A/Resources/libJP2.dylib
0x0000000196625000 	/usr/lib/libexpat.1.dylib
0x0000000196e8a000 	/System/Library/PrivateFrameworks/AppleJPEG.framework/Versions/A/AppleJPEG
0x0000000193e46000 	/System/Library/PrivateFrameworks/FontServices.framework/libFontParser.dylib
0x0000000191ced000 	/System/Library/PrivateFrameworks/RunningBoardServices.framework/Versions/A/RunningBoardServices
0x00000001a03da000 	/System/Library/PrivateFrameworks/IOSurfaceAccelerator.framework/Versions/A/IOSurfaceAccelerator
0x0000000196fb0000 	/System/Library/PrivateFrameworks/WatchdogClient.framework/Versions/A/WatchdogClient
0x000000018d276000 	/System/Library/Frameworks/CoreDisplay.framework/Versions/A/CoreDisplay
0x0000000193d4e000 	/System/Library/Frameworks/CoreMedia.framework/Versions/A/CoreMedia
0x00000001929dd000 	/System/Library/Frameworks/CoreVideo.framework/Versions/A/CoreVideo
0x0000000196fed000 	/System/Library/Frameworks/VideoToolbox.framework/Versions/A/VideoToolbox
0x0000000191c6a000 	/System/Library/PrivateFrameworks/BaseBoard.framework/Versions/A/BaseBoard
0x0000000196762000 	/System/Library/PrivateFrameworks/PersistentConnection.framework/Versions/A/PersistentConnection
0x0000000191a29000 	/System/Library/PrivateFrameworks/ProtocolBuffer.framework/Versions/A/ProtocolBuffer
0x0000000191c53000 	/System/Library/PrivateFrameworks/CommonUtilities.framework/Versions/A/CommonUtilities
0x0000000196e4f000 	/System/Library/PrivateFrameworks/Bom.framework/Versions/A/Bom
0x00000001971f4000 	/System/Library/PrivateFrameworks/GPUWrangler.framework/Versions/A/GPUWrangler
0x00000001971d5000 	/System/Library/PrivateFrameworks/IOPresentment.framework/Versions/A/IOPresentment
0x00000001971fc000 	/System/Library/PrivateFrameworks/DSExternalDisplay.framework/Versions/A/DSExternalDisplay
0x0000000197258000 	/System/Library/PrivateFrameworks/CMCaptureCore.framework/Versions/A/CMCaptureCore
0x0000000196bea000 	/System/Library/PrivateFrameworks/AppServerSupport.framework/Versions/A/AppServerSupport
0x0000000198c22000 	/System/Library/PrivateFrameworks/perfdata.framework/Versions/A/perfdata
0x00000001951b0000 	/System/Library/PrivateFrameworks/AssertionServices.framework/Versions/A/AssertionServices
0x000000018d399000 	/System/Library/PrivateFrameworks/AudioToolboxCore.framework/Versions/A/AudioToolboxCore
0x0000000193d2e000 	/System/Library/PrivateFrameworks/caulk.framework/Versions/A/caulk
0x00000001a79f0000 	/System/Library/PrivateFrameworks/SystemPolicy.framework/Versions/A/SystemPolicy
0x000000019644a000 	/usr/lib/libIOReport.dylib
0x00000001984be000 	/usr/lib/libSMC.dylib
0x000000019711e000 	/usr/lib/libAudioToolboxUtility.dylib
0x00000001a8375000 	/usr/lib/libmis.dylib
0x00000001ce001000 	/System/Library/Frameworks/OpenGL.framework/Versions/A/Libraries/libGLU.dylib
0x00000001cdfbf000 	/System/Library/Frameworks/OpenGL.framework/Versions/A/Libraries/libGFXShared.dylib
0x00000001ce1a7000 	/System/Library/Frameworks/OpenGL.framework/Versions/A/Libraries/libGL.dylib
0x00000001cdfc8000 	/System/Library/Frameworks/OpenGL.framework/Versions/A/Libraries/libGLImage.dylib
0x00000001cdfbc000 	/System/Library/Frameworks/OpenGL.framework/Versions/A/Libraries/libCVMSPluginSupport.dylib
0x00000001cdfa6000 	/System/Library/Frameworks/OpenGL.framework/Versions/A/Libraries/libCoreVMClient.dylib
0x000000019ef1e000 	/System/Library/PrivateFrameworks/ASEProcessing.framework/Versions/A/ASEProcessing
0x0000000196789000 	/System/Library/PrivateFrameworks/GraphVisualizer.framework/Versions/A/GraphVisualizer
0x0000000196797000 	/System/Library/PrivateFrameworks/FaceCore.framework/Versions/A/FaceCore
0x0000000196baa000 	/System/Library/PrivateFrameworks/OTSVG.framework/Versions/A/OTSVG
0x0000000192606000 	/System/Library/Frameworks/ApplicationServices.framework/Versions/A/Frameworks/ATS.framework/Versions/A/Resources/libFontRegistry.dylib
0x0000000196bf2000 	/System/Library/PrivateFrameworks/FontServices.framework/libhvf.dylib
0x00000001ce342000 	/System/Library/Frameworks/OpenCL.framework/Versions/A/OpenCL
0x00000001965d9000 	/System/Library/PrivateFrameworks/AppleVA.framework/Versions/A/AppleVA
0x000000019830a000 	/System/Library/Frameworks/ApplicationServices.framework/Versions/A/Frameworks/ATS.framework/Versions/A/ATS
0x000000019861d000 	/System/Library/Frameworks/ApplicationServices.framework/Versions/A/Frameworks/ColorSyncLegacy.framework/Versions/A/ColorSyncLegacy
0x00000001912cb000 	/System/Library/Frameworks/ApplicationServices.framework/Versions/A/Frameworks/HIServices.framework/Versions/A/HIServices
0x00000001985fc000 	/System/Library/Frameworks/ApplicationServices.framework/Versions/A/Frameworks/LangAnalysis.framework/Versions/A/LangAnalysis
0x0000000197262000 	/System/Library/Frameworks/ApplicationServices.framework/Versions/A/Frameworks/PrintCore.framework/Versions/A/PrintCore
0x0000000198625000 	/System/Library/Frameworks/ApplicationServices.framework/Versions/A/Frameworks/QD.framework/Versions/A/QD
0x00000001982f6000 	/System/Library/Frameworks/ApplicationServices.framework/Versions/A/Frameworks/SpeechSynthesis.framework/Versions/A/SpeechSynthesis
0x0000000197223000 	/System/Library/Frameworks/ApplicationServices.framework/Versions/A/Frameworks/ATSUI.framework/Versions/A/ATSUI
0x000000019859e000 	/usr/lib/libcups.2.dylib
0x0000000198610000 	/System/Library/PrivateFrameworks/NetAuth.framework/Versions/A/NetAuth
0x0000000198c3c000 	/System/Library/Frameworks/Kerberos.framework/Versions/A/Kerberos
0x0000000198c4d000 	/System/Library/Frameworks/GSS.framework/Versions/A/GSS
0x0000000198379000 	/usr/lib/libresolv.9.dylib
0x0000000196c08000 	/System/Library/PrivateFrameworks/Heimdal.framework/Versions/A/Heimdal
0x000000019e509000 	/System/Library/Frameworks/Kerberos.framework/Versions/A/Libraries/libHeimdalProxy.dylib
0x0000000191dbf000 	/System/Library/Frameworks/Network.framework/Versions/A/Network
0x000000019663f000 	/usr/lib/libheimdal-asn1.dylib
0x0000000198c95000 	/System/Library/PrivateFrameworks/CommonAuth.framework/Versions/A/CommonAuth
0x0000000192a31000 	/System/Library/PrivateFrameworks/login.framework/Versions/A/Frameworks/loginsupport.framework/Versions/A/loginsupport
0x000000019827b000 	/System/Library/PrivateFrameworks/AudioSession.framework/Versions/A/AudioSession
0x00000001982e3000 	/usr/lib/libAudioStatistics.dylib
0x00000001966bf000 	/System/Library/PrivateFrameworks/MediaExperience.framework/Versions/A/MediaExperience
0x000000019811c000 	/System/Library/PrivateFrameworks/AudioSession.framework/libSessionUtility.dylib
0x0000000198c2e000 	/usr/lib/libperfcheck.dylib
0x0000000198631000 	/System/Library/PrivateFrameworks/AudioResourceArbitration.framework/Versions/A/AudioResourceArbitration
0x0000000196648000 	/System/Library/PrivateFrameworks/IconFoundation.framework/Versions/A/IconFoundation
0x000000019b0d0000 	/System/Library/PrivateFrameworks/SpeechRecognitionCore.framework/Versions/A/SpeechRecognitionCore
0x0000000104800000 	/Users/xf/Library/Java/JavaVirtualMachines/azul-16.0.1/Contents/Home/lib/server/libjvm.dylib
0x0000000100144000 	/Users/xf/Library/Java/JavaVirtualMachines/azul-16.0.1/Contents/Home/lib/libjimage.dylib
0x00000001001a8000 	/Users/xf/Library/Java/JavaVirtualMachines/azul-16.0.1/Contents/Home/lib/libjava.dylib
0x0000000100544000 	/Users/xf/Library/Java/JavaVirtualMachines/azul-16.0.1/Contents/Home/lib/libnio.dylib
0x0000000100564000 	/Users/xf/Library/Java/JavaVirtualMachines/azul-16.0.1/Contents/Home/lib/libnet.dylib
0x0000000100588000 	/Users/xf/Library/Java/JavaVirtualMachines/azul-16.0.1/Contents/Home/lib/libzip.dylib
0x00000001005a0000 	/Users/xf/Library/Java/JavaVirtualMachines/azul-16.0.1/Contents/Home/lib/libverify.dylib


VM Arguments:
jvm_args: -DkotlinLanguageServer.version=1.1.2 
java_command: org.javacs.kt.MainKt
java_class_path (initial): /Users/xf/Library/Application Support/Code/User/globalStorage/fwcd.kotlin/langServerInstall/server/lib/server-1.1.2.jar:/Users/xf/Library/Application Support/Code/User/globalStorage/fwcd.kotlin/langServerInstall/server/lib/shared-1.1.2.jar:/Users/xf/Library/Application Support/Code/User/globalStorage/fwcd.kotlin/langServerInstall/server/lib/exposed-dao-0.32.1.jar:/Users/xf/Library/Application Support/Code/User/globalStorage/fwcd.kotlin/langServerInstall/server/lib/exposed-jdbc-0.32.1.jar:/Users/xf/Library/Application Support/Code/User/globalStorage/fwcd.kotlin/langServerInstall/server/lib/exposed-core-0.32.1.jar:/Users/xf/Library/Application Support/Code/User/globalStorage/fwcd.kotlin/langServerInstall/server/lib/kotlin-scripting-jvm-host-unshaded-1.5.20.jar:/Users/xf/Library/Application Support/Code/User/globalStorage/fwcd.kotlin/langServerInstall/server/lib/kotlin-scripting-compiler-1.5.20.jar:/Users/xf/Library/Application Support/Code/User/globalStorage/fwcd.kotlin/langServerInstall/server/lib/kotlin-scripting-js-1.5.20.jar:/Users/xf/Library/Application Support/Code/User/globalStorage/fwcd.kotlin/langServerInstall/server/lib/kotlin-scripting-compiler-impl-1.5.20.jar:/Users/xf/Library/Application Support/Code/User/globalStorage/fwcd.kotlin/langServerInstall/server/lib/kotlin-scripting-jvm-1.5.20.jar:/Users/xf/Library/Application Support/Code/User/globalStorage/fwcd.kotlin/langServerInstall/server/lib/kotlin-scripting-common-1.5.20.jar:/Users/xf/Library/Application Support/Code/User/globalStorage/fwcd.kotlin/langServerInstall/server/lib/kotlinx-coroutines-core-jvm-1.5.0.jar:/Users/xf/Library/Application Support/Code/User/globalStorage/fwcd.kotlin/langServerInstall/server/lib/kotlin-stdlib-jdk8-1.5.20.jar:/Users/xf/Library/Application Support/Code/User/globalStorage/fwcd.kotlin/langServerInstall/server/lib/org.eclipse.lsp4j-0.12.0.jar:/Users/xf/Library/Application Support/Code/User/globalStorage/fwcd.kotlin/langServerInstall/server/lib/o
Launcher Type: SUN_STANDARD

[Global flags]
     intx CICompilerCount                          = 4                                         {product} {ergonomic}
     uint ConcGCThreads                            = 2                                         {product} {ergonomic}
     uint G1ConcRefinementThreads                  = 8                                         {product} {ergonomic}
   size_t G1HeapRegionSize                         = 2097152                                   {product} {ergonomic}
    uintx GCDrainStackTargetSize                   = 64                                        {product} {ergonomic}
   size_t InitialHeapSize                          = 268435456                                 {product} {ergonomic}
   size_t MarkStackSize                            = 4194304                                   {product} {ergonomic}
   size_t MaxHeapSize                              = 4294967296                                {product} {ergonomic}
   size_t MaxNewSize                               = 2575302656                                {product} {ergonomic}
   size_t MinHeapDeltaBytes                        = 2097152                                   {product} {ergonomic}
   size_t MinHeapSize                              = 8388608                                   {product} {ergonomic}
    uintx NonNMethodCodeHeapSize                   = 5839564                                {pd product} {ergonomic}
    uintx NonProfiledCodeHeapSize                  = 122909338                              {pd product} {ergonomic}
    uintx ProfiledCodeHeapSize                     = 122909338                              {pd product} {ergonomic}
    uintx ReservedCodeCacheSize                    = 251658240                              {pd product} {ergonomic}
     bool SegmentedCodeCache                       = true                                      {product} {ergonomic}
   size_t SoftMaxHeapSize                          = 4294967296                             {manageable} {ergonomic}
     bool UseCompressedClassPointers               = true                           {product lp64_product} {ergonomic}
     bool UseCompressedOops                        = true                           {product lp64_product} {ergonomic}
     bool UseG1GC                                  = true                                      {product} {ergonomic}
     bool UseNUMA                                  = false                                     {product} {ergonomic}
     bool UseNUMAInterleaving                      = false                                     {product} {ergonomic}

Logging:
Log output configuration:
 #0: stdout all=warning uptime,level,tags
 #1: stderr all=off uptime,level,tags

Environment Variables:
PATH=/Users/xf/bin:/Users/xf/.pyenv/bin:/usr/local/Cellar/pyenv-virtualenv/1.1.5/shims:/Users/xf/.pyenv/bin:/opt/homebrew/opt/tcl-tk/bin:/opt/homebrew/anaconda3/condabin:/Users/xf/.pyenv/shims:/Users/xf/.pyenv/bin:/opt/homebrew/bin:/opt/homebrew/sbin:/usr/local/bin:/usr/bin:/bin:/usr/sbin:/sbin:/opt/homebrew/anaconda3/bin:/usr/local/share/dotnet:/opt/X11/bin:~/.dotnet/tools:/Library/Apple/usr/bin:/Library/Frameworks/Mono.framework/Versions/Current/Commands:/Applications/Wireshark.app/Contents/MacOS:/Applications/Visual Studio Code - Insiders.app/Contents/Resources/app/bin:/Users/xf/.fzf/bin:/Users/xf/Library/Application Support/cloud-code/installer/google-cloud-sdk/bin:/Users/xf/google-cloud-sdk/bin
SHELL=/bin/zsh
DISPLAY=/private/tmp/com.apple.launchd.uFqh1YX3z8/org.xquartz:0

Signal Handlers:
SIGSEGV: [libjvm.dylib+0x9ace24], sa_mask[0]=11100110000111110111111111111111, sa_flags=SA_ONSTACK|SA_RESTART|SA_SIGINFO
SIGBUS: [libjvm.dylib+0x9ace24], sa_mask[0]=11100110000111110111111111111111, sa_flags=SA_RESTART|SA_SIGINFO
SIGFPE: [libjvm.dylib+0x9ace24], sa_mask[0]=11100110000111110111111111111111, sa_flags=SA_RESTART|SA_SIGINFO
SIGPIPE: [libjvm.dylib+0x8964e0], sa_mask[0]=11100110000111110111111111111111, sa_flags=SA_RESTART|SA_SIGINFO
SIGXFSZ: [libjvm.dylib+0x8964e0], sa_mask[0]=11100110000111110111111111111111, sa_flags=SA_RESTART|SA_SIGINFO
SIGILL: [libjvm.dylib+0x9ace24], sa_mask[0]=11100110000111110111111111111111, sa_flags=SA_RESTART|SA_SIGINFO
SIGUSR2: [libjvm.dylib+0x896f18], sa_mask[0]=00000000000000000000000000000000, sa_flags=SA_RESTART|SA_SIGINFO
SIGHUP: [libjvm.dylib+0x895590], sa_mask[0]=11100110000111110111111111111111, sa_flags=SA_RESTART|SA_SIGINFO
SIGINT: [libjvm.dylib+0x895590], sa_mask[0]=11100110000111110111111111111111, sa_flags=SA_RESTART|SA_SIGINFO
SIGTERM: [libjvm.dylib+0x895590], sa_mask[0]=11100110000111110111111111111111, sa_flags=SA_RESTART|SA_SIGINFO
SIGQUIT: [libjvm.dylib+0x895590], sa_mask[0]=11100110000111110111111111111111, sa_flags=SA_RESTART|SA_SIGINFO
SIGTRAP: [libjvm.dylib+0x9ace24], sa_mask[0]=11100110000111110111111111111111, sa_flags=SA_RESTART|SA_SIGINFO


---------------  S Y S T E M  ---------------

OS:uname: Darwin 20.5.0 Darwin Kernel Version 20.5.0: Sat May  8 05:10:31 PDT 2021; root:xnu-7195.121.3~9/RELEASE_ARM64_T8101 arm64
OS uptime: 3 days 1:37 hours
rlimit (soft/hard): STACK 8176k/65520k , CORE 0k/infinity , NPROC 2666/4000 , NOFILE 10240/infinity , AS infinity/infinity , CPU infinity/infinity , DATA infinity/infinity , FSIZE infinity/infinity , MEMLOCK infinity/infinity , RSS infinity/infinity
load average: 15.42 8.05 5.89

CPU: total 8 (initial active 8) 0x61:0x0:0x1b588bb3:0, simd, crc, lse

Memory: 16k page, physical 16777216k(116240k free), swap 6291456k(947456k free)

vm_info: OpenJDK 64-Bit Server VM (16.0.1+9) for bsd-aarch64 JRE (16.0.1+9) (Zulu16.30+15-CA), built on Apr 20 2021 17:19:00 by "zulu_re" with clang Apple LLVM 12.0.0 (clang-1200.0.32.28)

END.
